Arguments: 
  C:\Program Files\nodejs\node.exe C:\Program Files (x86)\Yarn\bin\yarn.js link

PATH: 
  C:\WINDOWS\system32;C:\WINDOWS;C:\WINDOWS\System32\Wbem;C:\WINDOWS\System32\WindowsPowerShell\v1.0\;C:\WINDOWS\System32\OpenSSH\;C:\Program Files (x86)\Brackets\command;C:\Program Files\nodejs\;C:\Program Files\dotnet\;C:\Program Files\Microsoft SQL Server\130\Tools\Binn\;C:\Program Files\Microsoft SQL Server\Client SDK\ODBC\170\Tools\Binn\;C:\Program Files\Git\cmd;C:\Program Files (x86)\Yarn\bin\;C:\Users\Hannah\AppData\Local\Microsoft\WindowsApps;C:\Users\Hannah\AppData\Local\Programs\Microsoft VS Code\bin;C:\Users\Hannah\AppData\Roaming\npm;C:\Users\Hannah\AppData\Local\Programs\Git\cmd;C:\Users\Hannah\AppData\Local\Programs\Git;C:\Program Files (x86)\Teaching Textbooks\Geometry;C:\Users\Hannah\AppData\Local\Firefox Developer Edition;C:\Program Files (x86)\Microsoft Office\root\Office16;C:\Users\Hannah\AppData\Local\Yarn\bin;C:\Program Files (x86)\Yarn\bin\

Yarn version: 
  1.22.4

Node version: 
  10.16.3

Platform: 
  win32 x64

Trace: 
  Error: ENOENT: no such file or directory, stat 'C:\Users\Hannah\AppData\Local\Yarn\Data\link\nova\bin\nova'

npm manifest: 
  {
    "name": "nova",
    "version": "0.0.1",
    "description": "nova CLI",
    "private": true,
    "bin": {
      "nova": "bin/nova"
    },
    "scripts": {
      "format": "prettier --write **/*.{js,json} && standard --fix",
      "lint": "standard",
      "test": "jest",
      "watch": "jest --watch",
      "snapupdate": "jest --updateSnapshot",
      "coverage": "jest --coverage"
    },
    "files": [
      "src",
      "LICENSE",
      "readme.md",
      "docs",
      "bin"
    ],
    "license": "MIT",
    "dependencies": {
      "autoprefixer": "^9.7.4",
      "clui": "^0.3.6",
      "commander": "^5.0.0",
      "cssnano": "^4.1.10",
      "gluegun": "latest",
      "node-powershell": "^4.0.0",
      "postcss-cli": "^7.1.0",
      "prettier": "^1.12.1",
      "vorpal": "^1.12.0"
    },
    "devDependencies": {
      "jest": "^24.1.0",
      "standard": "^12.0.1"
    },
    "jest": {
      "testEnvironment": "node"
    },
    "standard": {
      "env": [
        "jest"
      ]
    },
    "prettier": {
      "semi": false,
      "singleQuote": true
    }
  }

yarn manifest: 
  No manifest

Lockfile: 
  No lockfile
